\BOOKMARK [1][-]{section.1}{\376\377\000E\000i\000n\000l\000e\000i\000t\000u\000n\000g}{}% 1
\BOOKMARK [1][-]{section.2}{\376\377\000E\000t\000h\000i\000k\000\040\000u\000n\000d\000\040\000M\000o\000r\000a\000l}{}% 2
\BOOKMARK [2][-]{subsection.2.1}{\376\377\000W\000a\000s\000\040\000i\000s\000t\000\040\000M\000o\000r\000a\000l\000?}{section.2}% 3
\BOOKMARK [2][-]{subsection.2.2}{\376\377\000E\000t\000h\000i\000s\000c\000h\000e\000\040\000G\000r\000u\000n\000d\000l\000a\000g\000e\000n\000\040\000d\000e\000r\000\040\000K\000I}{section.2}% 4
\BOOKMARK [3][-]{subsubsection.2.2.1}{\376\377\000P\000f\000l\000i\000c\000h\000t\000e\000n\000e\000t\000h\000i\000k}{subsection.2.2}% 5
\BOOKMARK [3][-]{subsubsection.2.2.2}{\376\377\000U\000t\000i\000l\000i\000t\000a\000r\000i\000s\000m\000u\000s}{subsection.2.2}% 6
\BOOKMARK [1][-]{section.3}{\376\377\000Z\000u\000r\000\040\000M\000o\000r\000a\000l\000\040\000f\000\344\000h\000i\000g\000e\000\040\000K\000I}{}% 7
\BOOKMARK [2][-]{subsection.3.1}{\376\377\000A\000r\000t\000i\000f\000i\000c\000i\000a\000l\000\040\000M\000o\000r\000a\000l\000i\000t\000y\000\040\000\050\000A\000M\000\051}{section.3}% 8
\BOOKMARK [3][-]{subsubsection.3.1.1}{\376\377\000I\000n\000f\000o\000r\000m\000a\000t\000i\000o\000n\000\040\000z\000u\000\040\000w\000e\000i\000t\000e\000r\000e\000n\000\040\000D\000e\000t\000a\000i\000l\000s}{subsection.3.1}% 9
\BOOKMARK [2][-]{subsection.3.2}{\376\377\000A\000n\000w\000e\000n\000d\000u\000n\000g\000s\000m\000\366\000g\000l\000i\000c\000h\000k\000e\000i\000t\000e\000n\000\040\000e\000i\000n\000e\000r\000\040\000m\000o\000r\000a\000l\000i\000s\000c\000h\000e\000n\000\040\000K\000I}{section.3}% 10
\BOOKMARK [3][-]{subsubsection.3.2.1}{\376\377\000A\000u\000t\000o\000n\000o\000m\000e\000s\000\040\000F\000a\000h\000r\000e\000n}{subsection.3.2}% 11
\BOOKMARK [3][-]{subsubsection.3.2.2}{\376\377\000P\000f\000l\000e\000g\000e}{subsection.3.2}% 12
\BOOKMARK [3][-]{subsubsection.3.2.3}{\376\377\000S\000a\000u\000g\000r\000o\000b\000o\000t\000e\000r}{subsection.3.2}% 13
\BOOKMARK [1][-]{section.4}{\376\377\000A\000k\000t\000u\000e\000l\000l\000e\000\040\000S\000t\000u\000d\000i\000e\000n\000\040\000u\000n\000d\000\040\000E\000r\000k\000e\000n\000n\000t\000n\000i\000s\000s\000e}{}% 14
\BOOKMARK [2][-]{subsection.4.1}{\376\377\000D\000i\000e\000\040\000M\000o\000r\000a\000l\000\040\000C\000h\000o\000i\000c\000e\000\040\000M\000a\000c\000h\000i\000n\000e}{section.4}% 15
\BOOKMARK [2][-]{subsection.4.2}{\376\377\000D\000y\000n\000a\000m\000i\000k\000e\000n\000\040\000v\000o\000n\000\040\000m\000o\000r\000a\000l\000i\000s\000c\000h\000e\000n\000\040\000V\000e\000r\000h\000a\000l\000t\000e\000n\000\040\000i\000n\000\040\000h\000e\000t\000e\000r\000o\000g\000e\000n\000e\000n\000\040\000P\000o\000p\000u\000l\000a\000t\000i\000o\000n\000e\000n}{section.4}% 16
\BOOKMARK [1][-]{section.5}{\376\377\000D\000i\000e\000\040\000Z\000u\000k\000u\000n\000f\000t}{}% 17
\BOOKMARK [2][-]{subsection.5.1}{\376\377\000P\000o\000s\000i\000t\000i\000v\000e\000\040\000P\000r\000o\000g\000n\000o\000s\000e}{section.5}% 18
\BOOKMARK [2][-]{subsection.5.2}{\376\377\000N\000e\000u\000t\000r\000a\000l\000e\000\040\000P\000r\000o\000g\000n\000o\000s\000e}{section.5}% 19
\BOOKMARK [2][-]{subsection.5.3}{\376\377\000N\000e\000g\000a\000t\000i\000v\000e\000\040\000P\000r\000o\000g\000n\000o\000s\000e}{section.5}% 20
\BOOKMARK [1][-]{section.6}{\376\377\000F\000a\000z\000i\000t}{}% 21
\BOOKMARK [1][-]{section.7}{\376\377\000L\000i\000t\000e\000r\000a\000t\000u\000r\000-\000\040\000u\000n\000d\000\040\000Q\000u\000e\000l\000l\000e\000n\000v\000e\000r\000z\000e\000i\000c\000h\000n\000i\000s}{}% 22
